<?xml version="1.0" encoding="utf-8" ?>
<!DOCTYPE html PUBLIC "-//W3C//DTD XHTML 1.0 Strict//EN"
        "http://www.w3.org/TR/xhtml1/DTD/xhtml1-strict.dtd">
<html xmlns="http://www.w3.org/1999/xhtml" xml:lang="" lang="">
<head>
  <title>Test Results Report - SeleniumUtilTest</title>
  <meta http-equiv="Content-Type" content="text/html;charset=utf-8" />
  <meta name="description" content="TestNG unit test results." />
  <link href="reportng.css" rel="stylesheet" type="text/css" />
    <script type="text/javascript" src="reportng.js"></script>
</head>
<body>
<h1>SeleniumUtilTest</h1>
<p>
  Test duration: 54.285s
</p>



  <table class="resultsTable">
    <tr><th colspan="3" class="header failed">Failed Tests</th></tr>
          <tr>
        <td colspan="3" class="group">com.selenium.xyouwen.testcase.RegisterTest</td>
      </tr>
            
<tr>
  <td class="method">
                  failureTest
      </td>
  <td class="duration">
    2.694s
  </td>
  <td class="result">
        
          <i>Method arguments: </i><span class="arguments">"lemon", "", "", "非法手机号"</span><br />
    
            <div class="testOutput">
                        <img src='http://127.0.0.1:7777/screenshot/SeleniumUtilTest/1539247388909.jpg'  hight='100' width='100' ><a href='http://127.0.0.1:7777/screenshot/SeleniumUtilTest/1539247388909.jpg'  target='_blank'><br>点查查看大图</a></img>
                  </div>
    

        <a href="javascript:toggleElement('exception-0', 'block')" title="Click to expand/collapse"><b>java.lang.AssertionError: expected [非法手机号] but found [非法的手机号]</b></a><br />
    <div class="stackTrace" id="exception-0">
              org.testng.Assert.fail(Assert.java:94)<br />
              org.testng.Assert.failNotEquals(Assert.java:494)<br />
              org.testng.Assert.assertEquals(Assert.java:123)<br />
              org.testng.Assert.assertEquals(Assert.java:176)<br />
              org.testng.Assert.assertEquals(Assert.java:186)<br />
              com.selenium.xyouwen.testcase.RegisterTest.failureTest(RegisterTest.java:36)<br />
              sun.reflect.NativeMethodAccessorImpl.invoke0(Native Method)<br />
              sun.reflect.NativeMethodAccessorImpl.invoke(NativeMethodAccessorImpl.java:62)<br />
              sun.reflect.DelegatingMethodAccessorImpl.invoke(DelegatingMethodAccessorImpl.java:43)<br />
              java.lang.reflect.Method.invoke(Method.java:498)<br />
              org.testng.internal.MethodInvocationHelper.invokeMethod(MethodInvocationHelper.java:84)<br />
              org.testng.internal.Invoker.invokeMethod(Invoker.java:714)<br />
              org.testng.internal.Invoker.invokeTestMethod(Invoker.java:901)<br />
              org.testng.internal.Invoker.invokeTestMethods(Invoker.java:1231)<br />
              org.testng.internal.TestMethodWorker.invokeTestMethods(TestMethodWorker.java:127)<br />
              org.testng.internal.TestMethodWorker.run(TestMethodWorker.java:111)<br />
              org.testng.TestRunner.privateRun(TestRunner.java:767)<br />
              org.testng.TestRunner.run(TestRunner.java:617)<br />
              org.testng.SuiteRunner.runTest(SuiteRunner.java:348)<br />
              org.testng.SuiteRunner.runSequentially(SuiteRunner.java:343)<br />
              org.testng.SuiteRunner.privateRun(SuiteRunner.java:305)<br />
              org.testng.SuiteRunner.run(SuiteRunner.java:254)<br />
              org.testng.SuiteRunnerWorker.runSuite(SuiteRunnerWorker.java:52)<br />
              org.testng.SuiteRunnerWorker.run(SuiteRunnerWorker.java:86)<br />
              org.testng.TestNG.runSuitesSequentially(TestNG.java:1224)<br />
              org.testng.TestNG.runSuitesLocally(TestNG.java:1149)<br />
              org.testng.TestNG.run(TestNG.java:1057)<br />
              org.apache.maven.surefire.testng.TestNGExecutor.run(TestNGExecutor.java:74)<br />
              org.apache.maven.surefire.testng.TestNGXmlTestSuite.execute(TestNGXmlTestSuite.java:93)<br />
              org.apache.maven.surefire.testng.TestNGProvider.invoke(TestNGProvider.java:101)<br />
              sun.reflect.NativeMethodAccessorImpl.invoke0(Native Method)<br />
              sun.reflect.NativeMethodAccessorImpl.invoke(NativeMethodAccessorImpl.java:62)<br />
              sun.reflect.DelegatingMethodAccessorImpl.invoke(DelegatingMethodAccessorImpl.java:43)<br />
              java.lang.reflect.Method.invoke(Method.java:498)<br />
              org.apache.maven.surefire.booter.ProviderFactory$ClassLoaderProxy.invoke(ProviderFactory.java:103)<br />
              com.sun.proxy.$Proxy0.invoke(Unknown Source)<br />
              org.apache.maven.surefire.booter.SurefireStarter.invokeProvider(SurefireStarter.java:145)<br />
              org.apache.maven.surefire.booter.SurefireStarter.runSuitesInProcess(SurefireStarter.java:87)<br />
              org.apache.maven.surefire.booter.ForkedBooter.main(ForkedBooter.java:69)<br />
                </div>
      </td>
</tr>
<tr>
  <td class="method">
                  failureTest
      </td>
  <td class="duration">
    5.669s
  </td>
  <td class="result">
        
          <i>Method arguments: </i><span class="arguments">"", "", "", "手机号不能为空"</span><br />
    
            <div class="testOutput">
                        <img src='http://127.0.0.1:7777/screenshot/SeleniumUtilTest/1539247381523.jpg'  hight='100' width='100' ><a href='http://127.0.0.1:7777/screenshot/SeleniumUtilTest/1539247381523.jpg'  target='_blank'><br>点查查看大图</a></img>
                  </div>
    

        <a href="javascript:toggleElement('exception-1', 'block')" title="Click to expand/collapse"><b>java.lang.AssertionError: expected [手机号不能为空] but found [用户名不能为空]</b></a><br />
    <div class="stackTrace" id="exception-1">
              org.testng.Assert.fail(Assert.java:94)<br />
              org.testng.Assert.failNotEquals(Assert.java:494)<br />
              org.testng.Assert.assertEquals(Assert.java:123)<br />
              org.testng.Assert.assertEquals(Assert.java:176)<br />
              org.testng.Assert.assertEquals(Assert.java:186)<br />
              com.selenium.xyouwen.testcase.RegisterTest.failureTest(RegisterTest.java:36)<br />
              sun.reflect.NativeMethodAccessorImpl.invoke0(Native Method)<br />
              sun.reflect.NativeMethodAccessorImpl.invoke(NativeMethodAccessorImpl.java:62)<br />
              sun.reflect.DelegatingMethodAccessorImpl.invoke(DelegatingMethodAccessorImpl.java:43)<br />
              java.lang.reflect.Method.invoke(Method.java:498)<br />
              org.testng.internal.MethodInvocationHelper.invokeMethod(MethodInvocationHelper.java:84)<br />
              org.testng.internal.Invoker.invokeMethod(Invoker.java:714)<br />
              org.testng.internal.Invoker.invokeTestMethod(Invoker.java:901)<br />
              org.testng.internal.Invoker.invokeTestMethods(Invoker.java:1231)<br />
              org.testng.internal.TestMethodWorker.invokeTestMethods(TestMethodWorker.java:127)<br />
              org.testng.internal.TestMethodWorker.run(TestMethodWorker.java:111)<br />
              org.testng.TestRunner.privateRun(TestRunner.java:767)<br />
              org.testng.TestRunner.run(TestRunner.java:617)<br />
              org.testng.SuiteRunner.runTest(SuiteRunner.java:348)<br />
              org.testng.SuiteRunner.runSequentially(SuiteRunner.java:343)<br />
              org.testng.SuiteRunner.privateRun(SuiteRunner.java:305)<br />
              org.testng.SuiteRunner.run(SuiteRunner.java:254)<br />
              org.testng.SuiteRunnerWorker.runSuite(SuiteRunnerWorker.java:52)<br />
              org.testng.SuiteRunnerWorker.run(SuiteRunnerWorker.java:86)<br />
              org.testng.TestNG.runSuitesSequentially(TestNG.java:1224)<br />
              org.testng.TestNG.runSuitesLocally(TestNG.java:1149)<br />
              org.testng.TestNG.run(TestNG.java:1057)<br />
              org.apache.maven.surefire.testng.TestNGExecutor.run(TestNGExecutor.java:74)<br />
              org.apache.maven.surefire.testng.TestNGXmlTestSuite.execute(TestNGXmlTestSuite.java:93)<br />
              org.apache.maven.surefire.testng.TestNGProvider.invoke(TestNGProvider.java:101)<br />
              sun.reflect.NativeMethodAccessorImpl.invoke0(Native Method)<br />
              sun.reflect.NativeMethodAccessorImpl.invoke(NativeMethodAccessorImpl.java:62)<br />
              sun.reflect.DelegatingMethodAccessorImpl.invoke(DelegatingMethodAccessorImpl.java:43)<br />
              java.lang.reflect.Method.invoke(Method.java:498)<br />
              org.apache.maven.surefire.booter.ProviderFactory$ClassLoaderProxy.invoke(ProviderFactory.java:103)<br />
              com.sun.proxy.$Proxy0.invoke(Unknown Source)<br />
              org.apache.maven.surefire.booter.SurefireStarter.invokeProvider(SurefireStarter.java:145)<br />
              org.apache.maven.surefire.booter.SurefireStarter.runSuitesInProcess(SurefireStarter.java:87)<br />
              org.apache.maven.surefire.booter.ForkedBooter.main(ForkedBooter.java:69)<br />
                </div>
      </td>
</tr>
      </table>


  <table class="resultsTable">
    <tr><th colspan="3" class="header passed">Passed Tests</th></tr>
          <tr>
        <td colspan="3" class="group">com.selenium.xyouwen.testcase.RegisterTest</td>
      </tr>
            
<tr>
  <td class="method">
                  failureTest
      </td>
  <td class="duration">
    2.524s
  </td>
  <td class="result">
        
          <i>Method arguments: </i><span class="arguments">"13888888888", "", "", "密码不能为空"</span><br />
    
        

      </td>
</tr>
<tr>
  <td class="method">
                  failureTest
      </td>
  <td class="duration">
    2.631s
  </td>
  <td class="result">
        
          <i>Method arguments: </i><span class="arguments">"13888888888", "123456", "", "重复密码不能为空"</span><br />
    
        

      </td>
</tr>
<tr>
  <td class="method">
                  failureTest
      </td>
  <td class="duration">
    2.537s
  </td>
  <td class="result">
        
          <i>Method arguments: </i><span class="arguments">"13888888888", "123456", "1234567", "密码不一致"</span><br />
    
        

      </td>
</tr>
<tr>
  <td class="method">
                  failureTest
      </td>
  <td class="duration">
    2.603s
  </td>
  <td class="result">
        
          <i>Method arguments: </i><span class="arguments">"13888888888", "12345", "", "密码长度至少为6位"</span><br />
    
        

      </td>
</tr>
      </table>
  
</body>
</html>
