<html>
<head>
<title>TestNG:  SeleniumUtilTest</title>
<link href="../testng.css" rel="stylesheet" type="text/css" />
<link href="../my-testng.css" rel="stylesheet" type="text/css" />

<style type="text/css">
.log { display: none;} 
.stack-trace { display: none;} 
</style>
<script type="text/javascript">
<!--
function flip(e) {
  current = e.style.display;
  if (current == 'block') {
    e.style.display = 'none';
    return 0;
  }
  else {
    e.style.display = 'block';
    return 1;
  }
}

function toggleBox(szDivId, elem, msg1, msg2)
{
  var res = -1;  if (document.getElementById) {
    res = flip(document.getElementById(szDivId));
  }
  else if (document.all) {
    // this is the way old msie versions work
    res = flip(document.all[szDivId]);
  }
  if(elem) {
    if(res == 0) elem.innerHTML = msg1; else elem.innerHTML = msg2;
  }

}

function toggleAllBoxes() {
  if (document.getElementsByTagName) {
    d = document.getElementsByTagName('div');
    for (i = 0; i < d.length; i++) {
      if (d[i].className == 'log') {
        flip(d[i]);
      }
    }
  }
}

// -->
</script>

</head>
<body>
<h2 align='center'>SeleniumUtilTest</h2><table border='1' align="center">
<tr>
<td>Tests passed/Failed/Skipped:</td><td>4/2/0</td>
</tr><tr>
<td>Started on:</td><td>Thu Oct 11 16:42:54 CST 2018</td>
</tr>
<tr><td>Total time:</td><td>45 seconds (45280 ms)</td>
</tr><tr>
<td>Included groups:</td><td></td>
</tr><tr>
<td>Excluded groups:</td><td></td>
</tr>
</table><p/>
<small><i>(Hover the method name to see the test class name)</i></small><p/>
<table width='100%' border='1' class='invocation-failed'>
<tr><td colspan='4' align='center'><b>FAILED TESTS</b></td></tr>
<tr><td><b>Test method</b></td>
<td width="30%"><b>Exception</b></td>
<td width="10%"><b>Time (seconds)</b></td>
<td><b>Instance</b></td>
</tr>
<tr>
<td title='com.selenium.xyouwen.testcase.RegisterTest.failureTest()'><b>failureTest</b><br>Test class: com.selenium.xyouwen.testcase.RegisterTest<br>Parameters: , , , 手机号不能为空<br/>
<a href="#Output-80026551" onClick='toggleBox("Output-80026551", this, "Show output", "Hide output");'>Show output</a>

<a href="#Output-80026551" onClick="toggleAllBoxes();">Show all outputs</a>
<div class='log' id="Output-80026551">
<img src='http://127.0.0.1:7777/screenshot/SeleniumUtilTest/1539247381523.jpg'  hight='100' width='100' ><a href='http://127.0.0.1:7777/screenshot/SeleniumUtilTest/1539247381523.jpg'  target='_blank'><br>点查查看大图</a></img><br/>
</div>
</td>
<td><div><pre>java.lang.AssertionError: expected [手机号不能为空] but found [用户名不能为空]
	at com.selenium.xyouwen.testcase.RegisterTest.failureTest(RegisterTest.java:36)
	at com.sun.proxy.$Proxy0.invoke(Unknown Source)
... Removed 37 stack frames</pre></div><a href='#' onClick='toggleBox("stack-trace80026551", this, "Click to show all stack frames", "Click to hide stack frames")'>Click to show all stack frames</a>
<div class='stack-trace' id='stack-trace80026551'><pre>java.lang.AssertionError: expected [手机号不能为空] but found [用户名不能为空]
	at org.testng.Assert.fail(Assert.java:94)
	at org.testng.Assert.failNotEquals(Assert.java:494)
	at org.testng.Assert.assertEquals(Assert.java:123)
	at org.testng.Assert.assertEquals(Assert.java:176)
	at org.testng.Assert.assertEquals(Assert.java:186)
	at com.selenium.xyouwen.testcase.RegisterTest.failureTest(RegisterTest.java:36)
	at sun.reflect.NativeMethodAccessorImpl.invoke0(Native Method)
	at sun.reflect.NativeMethodAccessorImpl.invoke(NativeMethodAccessorImpl.java:62)
	at sun.reflect.DelegatingMethodAccessorImpl.invoke(DelegatingMethodAccessorImpl.java:43)
	at java.lang.reflect.Method.invoke(Method.java:498)
	at org.testng.internal.MethodInvocationHelper.invokeMethod(MethodInvocationHelper.java:84)
	at org.testng.internal.Invoker.invokeMethod(Invoker.java:714)
	at org.testng.internal.Invoker.invokeTestMethod(Invoker.java:901)
	at org.testng.internal.Invoker.invokeTestMethods(Invoker.java:1231)
	at org.testng.internal.TestMethodWorker.invokeTestMethods(TestMethodWorker.java:127)
	at org.testng.internal.TestMethodWorker.run(TestMethodWorker.java:111)
	at org.testng.TestRunner.privateRun(TestRunner.java:767)
	at org.testng.TestRunner.run(TestRunner.java:617)
	at org.testng.SuiteRunner.runTest(SuiteRunner.java:348)
	at org.testng.SuiteRunner.runSequentially(SuiteRunner.java:343)
	at org.testng.SuiteRunner.privateRun(SuiteRunner.java:305)
	at org.testng.SuiteRunner.run(SuiteRunner.java:254)
	at org.testng.SuiteRunnerWorker.runSuite(SuiteRunnerWorker.java:52)
	at org.testng.SuiteRunnerWorker.run(SuiteRunnerWorker.java:86)
	at org.testng.TestNG.runSuitesSequentially(TestNG.java:1224)
	at org.testng.TestNG.runSuitesLocally(TestNG.java:1149)
	at org.testng.TestNG.run(TestNG.java:1057)
	at org.apache.maven.surefire.testng.TestNGExecutor.run(TestNGExecutor.java:74)
	at org.apache.maven.surefire.testng.TestNGXmlTestSuite.execute(TestNGXmlTestSuite.java:93)
	at org.apache.maven.surefire.testng.TestNGProvider.invoke(TestNGProvider.java:101)
	at sun.reflect.NativeMethodAccessorImpl.invoke0(Native Method)
	at sun.reflect.NativeMethodAccessorImpl.invoke(NativeMethodAccessorImpl.java:62)
	at sun.reflect.DelegatingMethodAccessorImpl.invoke(DelegatingMethodAccessorImpl.java:43)
	at java.lang.reflect.Method.invoke(Method.java:498)
	at org.apache.maven.surefire.booter.ProviderFactory$ClassLoaderProxy.invoke(ProviderFactory.java:103)
	at com.sun.proxy.$Proxy0.invoke(Unknown Source)
	at org.apache.maven.surefire.booter.SurefireStarter.invokeProvider(SurefireStarter.java:145)
	at org.apache.maven.surefire.booter.SurefireStarter.runSuitesInProcess(SurefireStarter.java:87)
	at org.apache.maven.surefire.booter.ForkedBooter.main(ForkedBooter.java:69)
</pre></div></td>
<td>5</td>
<td>com.selenium.xyouwen.testcase.RegisterTest@167fdd33</td></tr>
<tr>
<td title='com.selenium.xyouwen.testcase.RegisterTest.failureTest()'><b>failureTest</b><br>Test class: com.selenium.xyouwen.testcase.RegisterTest<br>Parameters: lemon, , , 非法手机号<br/>
<a href="#Output-1049590050" onClick='toggleBox("Output-1049590050", this, "Show output", "Hide output");'>Show output</a>

<a href="#Output-1049590050" onClick="toggleAllBoxes();">Show all outputs</a>
<div class='log' id="Output-1049590050">
<img src='http://127.0.0.1:7777/screenshot/SeleniumUtilTest/1539247388909.jpg'  hight='100' width='100' ><a href='http://127.0.0.1:7777/screenshot/SeleniumUtilTest/1539247388909.jpg'  target='_blank'><br>点查查看大图</a></img><br/>
</div>
</td>
<td><div><pre>java.lang.AssertionError: expected [非法手机号] but found [非法的手机号]
	at com.selenium.xyouwen.testcase.RegisterTest.failureTest(RegisterTest.java:36)
	at com.sun.proxy.$Proxy0.invoke(Unknown Source)
... Removed 37 stack frames</pre></div><a href='#' onClick='toggleBox("stack-trace1049590050", this, "Click to show all stack frames", "Click to hide stack frames")'>Click to show all stack frames</a>
<div class='stack-trace' id='stack-trace1049590050'><pre>java.lang.AssertionError: expected [非法手机号] but found [非法的手机号]
	at org.testng.Assert.fail(Assert.java:94)
	at org.testng.Assert.failNotEquals(Assert.java:494)
	at org.testng.Assert.assertEquals(Assert.java:123)
	at org.testng.Assert.assertEquals(Assert.java:176)
	at org.testng.Assert.assertEquals(Assert.java:186)
	at com.selenium.xyouwen.testcase.RegisterTest.failureTest(RegisterTest.java:36)
	at sun.reflect.NativeMethodAccessorImpl.invoke0(Native Method)
	at sun.reflect.NativeMethodAccessorImpl.invoke(NativeMethodAccessorImpl.java:62)
	at sun.reflect.DelegatingMethodAccessorImpl.invoke(DelegatingMethodAccessorImpl.java:43)
	at java.lang.reflect.Method.invoke(Method.java:498)
	at org.testng.internal.MethodInvocationHelper.invokeMethod(MethodInvocationHelper.java:84)
	at org.testng.internal.Invoker.invokeMethod(Invoker.java:714)
	at org.testng.internal.Invoker.invokeTestMethod(Invoker.java:901)
	at org.testng.internal.Invoker.invokeTestMethods(Invoker.java:1231)
	at org.testng.internal.TestMethodWorker.invokeTestMethods(TestMethodWorker.java:127)
	at org.testng.internal.TestMethodWorker.run(TestMethodWorker.java:111)
	at org.testng.TestRunner.privateRun(TestRunner.java:767)
	at org.testng.TestRunner.run(TestRunner.java:617)
	at org.testng.SuiteRunner.runTest(SuiteRunner.java:348)
	at org.testng.SuiteRunner.runSequentially(SuiteRunner.java:343)
	at org.testng.SuiteRunner.privateRun(SuiteRunner.java:305)
	at org.testng.SuiteRunner.run(SuiteRunner.java:254)
	at org.testng.SuiteRunnerWorker.runSuite(SuiteRunnerWorker.java:52)
	at org.testng.SuiteRunnerWorker.run(SuiteRunnerWorker.java:86)
	at org.testng.TestNG.runSuitesSequentially(TestNG.java:1224)
	at org.testng.TestNG.runSuitesLocally(TestNG.java:1149)
	at org.testng.TestNG.run(TestNG.java:1057)
	at org.apache.maven.surefire.testng.TestNGExecutor.run(TestNGExecutor.java:74)
	at org.apache.maven.surefire.testng.TestNGXmlTestSuite.execute(TestNGXmlTestSuite.java:93)
	at org.apache.maven.surefire.testng.TestNGProvider.invoke(TestNGProvider.java:101)
	at sun.reflect.NativeMethodAccessorImpl.invoke0(Native Method)
	at sun.reflect.NativeMethodAccessorImpl.invoke(NativeMethodAccessorImpl.java:62)
	at sun.reflect.DelegatingMethodAccessorImpl.invoke(DelegatingMethodAccessorImpl.java:43)
	at java.lang.reflect.Method.invoke(Method.java:498)
	at org.apache.maven.surefire.booter.ProviderFactory$ClassLoaderProxy.invoke(ProviderFactory.java:103)
	at com.sun.proxy.$Proxy0.invoke(Unknown Source)
	at org.apache.maven.surefire.booter.SurefireStarter.invokeProvider(SurefireStarter.java:145)
	at org.apache.maven.surefire.booter.SurefireStarter.runSuitesInProcess(SurefireStarter.java:87)
	at org.apache.maven.surefire.booter.ForkedBooter.main(ForkedBooter.java:69)
</pre></div></td>
<td>2</td>
<td>com.selenium.xyouwen.testcase.RegisterTest@167fdd33</td></tr>
</table><p>
<table width='100%' border='1' class='invocation-passed'>
<tr><td colspan='4' align='center'><b>PASSED TESTS</b></td></tr>
<tr><td><b>Test method</b></td>
<td width="30%"><b>Exception</b></td>
<td width="10%"><b>Time (seconds)</b></td>
<td><b>Instance</b></td>
</tr>
<tr>
<td title='com.selenium.xyouwen.testcase.RegisterTest.failureTest()'><b>failureTest</b><br>Test class: com.selenium.xyouwen.testcase.RegisterTest<br>Parameters: 13888888888, , , 密码不能为空</td>
<td></td>
<td>2</td>
<td>com.selenium.xyouwen.testcase.RegisterTest@167fdd33</td></tr>
<tr>
<td title='com.selenium.xyouwen.testcase.RegisterTest.failureTest()'><b>failureTest</b><br>Test class: com.selenium.xyouwen.testcase.RegisterTest<br>Parameters: 13888888888, 12345, , 密码长度至少为6位</td>
<td></td>
<td>2</td>
<td>com.selenium.xyouwen.testcase.RegisterTest@167fdd33</td></tr>
<tr>
<td title='com.selenium.xyouwen.testcase.RegisterTest.failureTest()'><b>failureTest</b><br>Test class: com.selenium.xyouwen.testcase.RegisterTest<br>Parameters: 13888888888, 123456, , 重复密码不能为空</td>
<td></td>
<td>2</td>
<td>com.selenium.xyouwen.testcase.RegisterTest@167fdd33</td></tr>
<tr>
<td title='com.selenium.xyouwen.testcase.RegisterTest.failureTest()'><b>failureTest</b><br>Test class: com.selenium.xyouwen.testcase.RegisterTest<br>Parameters: 13888888888, 123456, 1234567, 密码不一致</td>
<td></td>
<td>2</td>
<td>com.selenium.xyouwen.testcase.RegisterTest@167fdd33</td></tr>
</table><p>
</body>
</html>